<?xml version="1.0" encoding="UTF-8"?>
<testsuite xmlns:xsi="http://www.w3.org/2001/XMLSchema-instance" xsi:noNamespaceSchemaLocation="https://maven.apache.org/surefire/maven-surefire-plugin/xsd/surefire-test-report.xsd" name="TestSuite" time="80.795" tests="5" errors="0" skipped="0" failures="2">
  <properties>
[...]
</properties>
  <testcase name="logintest" classname="OrangeHR.Project.Login" time="23.165"/>
  <testcase name="logintest" classname="OrangeHR.Project.ImmigrationFN" time="34.922"/>
  <testcase name="immi" classname="OrangeHR.Project.ImmigrationFN" time="38.022">
    <failure message="element click intercepted: Element &lt;button type=&quot;submit&quot; class=&quot;oxd-button oxd-button--medium oxd-button--secondary orangehrm-left-space&quot; data-v-10d463b7=&quot;&quot;&gt;...&lt;/button&gt; is not clickable at point (1145, 535). Other element would receive the click: &lt;div class=&quot;oxd-calendar-date&quot;&gt;...&lt;/div&gt;&#10;  (Session info: chrome=122.0.6261.94)&#10;Build info: version: &apos;4.15.0&apos;, revision: &apos;1d14b5521b&apos;&#10;System info: os.name: &apos;Windows 11&apos;, os.arch: &apos;amd64&apos;, os.version: &apos;10.0&apos;, java.version: &apos;17.0.9&apos;&#10;Driver info: org.openqa.selenium.chrome.ChromeDriver&#10;Command: [bef3f4ac3a5cf5ef377e7cdd7a32a6b4, clickElement {id=f.121F8CD85DD134DB4562965534A39140.d.64F2703280D3FB98C3836DCC532A9F03.e.115}]&#10;Capabilities {acceptInsecureCerts: false, browserName: chrome, browserVersion: 122.0.6261.94, chrome: {chromedriverVersion: 122.0.6261.57 (87957e464700..., userDataDir: C:\Users\ashwi\AppData\Loca...}, fedcm:accounts: true, goog:chromeOptions: {debuggerAddress: localhost:63950}, networkConnectionEnabled: false, pageLoadStrategy: normal, platformName: windows, proxy: Proxy(), se:cdp: ws://localhost:63950/devtoo..., se:cdpVersion: 122.0.6261.94, setWindowRect: true, strictFileInteractability: false, timeouts: {implicit: 0, pageLoad: 300000, script: 30000}, unhandledPromptBehavior: dismiss and notify, webauthn:extension:credBlob: true, webauthn:extension:largeBlob: true, webauthn:extension:minPinLength: true, webauthn:extension:prf: true, webauthn:virtualAuthenticators: true}&#10;Element: [[ChromeDriver: chrome on windows (bef3f4ac3a5cf5ef377e7cdd7a32a6b4)] -&gt; xpath: //button[@type=&apos;submit&apos;]]&#10;Session ID: bef3f4ac3a5cf5ef377e7cdd7a32a6b4" type="org.openqa.selenium.ElementClickInterceptedException"><![CDATA[org.openqa.selenium.ElementClickInterceptedException: 
element click intercepted: Element <button type="submit" class="oxd-button oxd-button--medium oxd-button--secondary orangehrm-left-space" data-v-10d463b7="">...</button> is not clickable at point (1145, 535). Other element would receive the click: <div class="oxd-calendar-date">...</div>
  (Session info: chrome=122.0.6261.94)
Build info: version: '4.15.0', revision: '1d14b5521b'
System info: os.name: 'Windows 11', os.arch: 'amd64', os.version: '10.0', java.version: '17.0.9'
Driver info: org.openqa.selenium.chrome.ChromeDriver
Command: [bef3f4ac3a5cf5ef377e7cdd7a32a6b4, clickElement {id=f.121F8CD85DD134DB4562965534A39140.d.64F2703280D3FB98C3836DCC532A9F03.e.115}]
Capabilities {acceptInsecureCerts: false, browserName: chrome, browserVersion: 122.0.6261.94, chrome: {chromedriverVersion: 122.0.6261.57 (87957e464700..., userDataDir: C:\Users\ashwi\AppData\Loca...}, fedcm:accounts: true, goog:chromeOptions: {debuggerAddress: localhost:63950}, networkConnectionEnabled: false, pageLoadStrategy: normal, platformName: windows, proxy: Proxy(), se:cdp: ws://localhost:63950/devtoo..., se:cdpVersion: 122.0.6261.94, setWindowRect: true, strictFileInteractability: false, timeouts: {implicit: 0, pageLoad: 300000, script: 30000}, unhandledPromptBehavior: dismiss and notify, webauthn:extension:credBlob: true, webauthn:extension:largeBlob: true, webauthn:extension:minPinLength: true, webauthn:extension:prf: true, webauthn:virtualAuthenticators: true}
Element: [[ChromeDriver: chrome on windows (bef3f4ac3a5cf5ef377e7cdd7a32a6b4)] -> xpath: //button[@type='submit']]
Session ID: bef3f4ac3a5cf5ef377e7cdd7a32a6b4
	at OrangeHR.Project.ImmigrationFN.immi(ImmigrationFN.java:68)
]]></failure>
    <system-out><![CDATA[Clicked on Add Details
Select visa as document
Number Entered
Issue Date Selected
Expiry Date Selected
Eligibility status updated
Issuer dropdown clicked
Comment added
Eligible review date Selected
]]></system-out>
  </testcase>
  <testcase name="logintest" classname="OrangeHR.Project.Upload" time="15.597"/>
  <testcase name="immi" classname="OrangeHR.Project.Upload" time="18.829">
    <failure message="element click intercepted: Element &lt;button type=&quot;button&quot; class=&quot;oxd-button oxd-button--medium oxd-button--text&quot; data-v-10d463b7=&quot;&quot; data-v-3dab643a=&quot;&quot;&gt;...&lt;/button&gt; is not clickable at point (860, 15). Other element would receive the click: &lt;div class=&quot;oxd-topbar-header-title&quot; data-v-f0c5131f=&quot;&quot;&gt;...&lt;/div&gt;&#10;  (Session info: chrome=122.0.6261.94)&#10;Build info: version: &apos;4.15.0&apos;, revision: &apos;1d14b5521b&apos;&#10;System info: os.name: &apos;Windows 11&apos;, os.arch: &apos;amd64&apos;, os.version: &apos;10.0&apos;, java.version: &apos;17.0.9&apos;&#10;Driver info: org.openqa.selenium.chrome.ChromeDriver&#10;Command: [5d54e95f301cfabee051031e89e15b2d, clickElement {id=f.5A1B739E040EF4632A78D8FC2A381C02.d.158AD4CDC419B5D01F5D9F45210F156C.e.122}]&#10;Capabilities {acceptInsecureCerts: false, browserName: chrome, browserVersion: 122.0.6261.94, chrome: {chromedriverVersion: 122.0.6261.57 (87957e464700..., userDataDir: C:\Users\ashwi\AppData\Loca...}, fedcm:accounts: true, goog:chromeOptions: {debuggerAddress: localhost:63980}, networkConnectionEnabled: false, pageLoadStrategy: normal, platformName: windows, proxy: Proxy(), se:cdp: ws://localhost:63980/devtoo..., se:cdpVersion: 122.0.6261.94, setWindowRect: true, strictFileInteractability: false, timeouts: {implicit: 0, pageLoad: 300000, script: 30000}, unhandledPromptBehavior: dismiss and notify, webauthn:extension:credBlob: true, webauthn:extension:largeBlob: true, webauthn:extension:minPinLength: true, webauthn:extension:prf: true, webauthn:virtualAuthenticators: true}&#10;Element: [[ChromeDriver: chrome on windows (5d54e95f301cfabee051031e89e15b2d)] -&gt; xpath: (//button[@class=&quot;oxd-button oxd-button--medium oxd-button--text&quot;])[1]]&#10;Session ID: 5d54e95f301cfabee051031e89e15b2d" type="org.openqa.selenium.ElementClickInterceptedException"><![CDATA[org.openqa.selenium.ElementClickInterceptedException: 
element click intercepted: Element <button type="button" class="oxd-button oxd-button--medium oxd-button--text" data-v-10d463b7="" data-v-3dab643a="">...</button> is not clickable at point (860, 15). Other element would receive the click: <div class="oxd-topbar-header-title" data-v-f0c5131f="">...</div>
  (Session info: chrome=122.0.6261.94)
Build info: version: '4.15.0', revision: '1d14b5521b'
System info: os.name: 'Windows 11', os.arch: 'amd64', os.version: '10.0', java.version: '17.0.9'
Driver info: org.openqa.selenium.chrome.ChromeDriver
Command: [5d54e95f301cfabee051031e89e15b2d, clickElement {id=f.5A1B739E040EF4632A78D8FC2A381C02.d.158AD4CDC419B5D01F5D9F45210F156C.e.122}]
Capabilities {acceptInsecureCerts: false, browserName: chrome, browserVersion: 122.0.6261.94, chrome: {chromedriverVersion: 122.0.6261.57 (87957e464700..., userDataDir: C:\Users\ashwi\AppData\Loca...}, fedcm:accounts: true, goog:chromeOptions: {debuggerAddress: localhost:63980}, networkConnectionEnabled: false, pageLoadStrategy: normal, platformName: windows, proxy: Proxy(), se:cdp: ws://localhost:63980/devtoo..., se:cdpVersion: 122.0.6261.94, setWindowRect: true, strictFileInteractability: false, timeouts: {implicit: 0, pageLoad: 300000, script: 30000}, unhandledPromptBehavior: dismiss and notify, webauthn:extension:credBlob: true, webauthn:extension:largeBlob: true, webauthn:extension:minPinLength: true, webauthn:extension:prf: true, webauthn:virtualAuthenticators: true}
Element: [[ChromeDriver: chrome on windows (5d54e95f301cfabee051031e89e15b2d)] -> xpath: (//button[@class="oxd-button oxd-button--medium oxd-button--text"])[1]]
Session ID: 5d54e95f301cfabee051031e89e15b2d
]]></failure>
    <system-out><![CDATA[Clicked on Immigration
Clicked on Add Attachments
Entered comments
Attachment is Saved
]]></system-out>
  </testcase>
</testsuite>